<?xml version="1.0" encoding="UTF-8"?>
<!-- Generated by org.testng.reporters.JUnitXMLReporter -->
<testsuite ignored="1" hostname="ATH032863" failures="0" tests="5" name="Search_Scenario" time="105.08" errors="0" timestamp="08 Apr 2019 14:35:21 GMT">
  <testcase classname="testPacakge.LoginTest" name="initObject on testPacakge.LoginTest@3a44431a" time="0.051"/>
  <testcase classname="testPacakge.LoginTest" name="verifyEbayAppLaunchScreen on testPacakge.LoginTest@3a44431a" time="4.062"/>
  <testcase classname="testPacakge.LoginTest" name="verifySearchFunctionalityForeBayApp on testPacakge.LoginTest@3a44431a" time="13.872"/>
  <testcase classname="testPacakge.LoginTest" name="verifySelectItemFunctionalityForeBayApp on testPacakge.LoginTest@3a44431a" time="40.487"/>
  <testcase classname="testPacakge.LoginTest" name="verifyPurchaseItemFunctionalityForeBayApp on testPacakge.LoginTest@3a44431a" time="31.651"/>
  <testcase classname="testPacakge.LoginTest" name="verifyLoginFunctionalityForeBayApp" time="0.0">
    <ignored/>
  </testcase> <!-- verifyLoginFunctionalityForeBayApp -->
</testsuite> <!-- Search_Scenario -->
