<?xml version="1.0" encoding="UTF-8"?>
<!-- Generated by org.testng.reporters.JUnitXMLReporter -->
<testsuite ignored="1" hostname="ATH032863" failures="0" tests="7" name="Search_Scenario" time="138.026" errors="0" timestamp="01 May 2019 15:24:32 GMT">
  <testcase classname="testPacakge.EbayLoginTest" name="initEbayLoginTest on testPacakge.EbayLoginTest@6e0f5f7f" time="0.041"/>
  <testcase classname="testPacakge.EbayLoginTest" name="verifyEbayAppLaunchScreen on testPacakge.EbayLoginTest@6e0f5f7f" time="14.685"/>
  <testcase classname="testPacakge.EbayLoginTest" name="verifyLoginFunctionalityForeBayApp on testPacakge.EbayLoginTest@6e0f5f7f" time="36.692"/>
  <testcase classname="testPacakge.EbayShoppingCartTest" name="initEbayShoppingCartTestObject on testPacakge.EbayShoppingCartTest@2805d709" time="0.0"/>
  <testcase classname="testPacakge.EbayShoppingCartTest" name="verifySearchFunctionalityForeBayApp on testPacakge.EbayShoppingCartTest@2805d709" time="12.746"/>
  <testcase classname="testPacakge.EbayShoppingCartTest" name="verifySelectItemFunctionalityForeBayApp on testPacakge.EbayShoppingCartTest@2805d709" time="31.548"/>
  <testcase classname="testPacakge.EbayShoppingCartTest" name="verifyCheckoutFunctionalityForeBayApp on testPacakge.EbayShoppingCartTest@2805d709" time="27.954"/>
  <testcase classname="basePackage.BaseTest" name="@BeforeTest launchEbayApp" time="0.0">
    <ignored/>
  </testcase> <!-- @BeforeTest launchEbayApp -->
</testsuite> <!-- Search_Scenario -->
