<?xml version="1.0" encoding="UTF-8"?>
<!-- Generated by org.testng.reporters.JUnitXMLReporter -->
<testsuite ignored="0" hostname="ATH032863" failures="0" tests="3" name="SignIn_Scenario" time="40.768" errors="0" timestamp="07 Apr 2019 15:47:11 GMT">
  <testcase classname="testPacakge.LoginTest" name="initObject on testPacakge.LoginTest@54bff557" time="0.037"/>
  <testcase classname="testPacakge.LoginTest" name="verifyEbayAppLaunchScreen on testPacakge.LoginTest@54bff557" time="2.609"/>
  <testcase classname="testPacakge.LoginTest" name="verifyLoginFunctionalityForeBayApp on testPacakge.LoginTest@54bff557" time="26.328"/>
</testsuite> <!-- SignIn_Scenario -->
