<?xml version="1.0" encoding="UTF-8"?>
<testng-results ignored="1" total="6" passed="5" failed="0" skipped="0">
  <reporter-output>
  </reporter-output>
  <suite started-at="2019-04-08T14:33:36Z" name="eBay Android App Suite" finished-at="2019-04-08T14:35:21Z" duration-ms="105080">
    <groups>
    </groups>
    <test started-at="2019-04-08T14:33:36Z" name="Search_Scenario" finished-at="2019-04-08T14:35:21Z" duration-ms="105080">
      <class name="testPacakge.LoginTest">
        <test-method is-config="true" signature="launchEbayApp()[pri:0, instance:testPacakge.LoginTest@3a44431a]" started-at="2019-04-08T14:33:36Z" name="launchEbayApp" finished-at="2019-04-08T14:33:51Z" duration-ms="14926" status="PASS">
          <reporter-output>
          </reporter-output>
        </test-method> <!-- launchEbayApp -->
        <test-method signature="initObject()[pri:0, instance:testPacakge.LoginTest@3a44431a]" started-at="2019-04-08T14:33:51Z" name="initObject" description="To create object." finished-at="2019-04-08T14:33:51Z" duration-ms="51" status="PASS">
          <reporter-output>
          </reporter-output>
        </test-method> <!-- initObject -->
        <test-method signature="verifyEbayAppLaunchScreen(java.util.HashMap)[pri:0, instance:testPacakge.LoginTest@3a44431a]" started-at="2019-04-08T14:33:51Z" name="verifyEbayAppLaunchScreen" description="verify Launch screen one of eBay Android app and navigate to Login screen." data-provider="globaldataprovider" finished-at="2019-04-08T14:33:55Z" duration-ms="4062" status="PASS">
          <params>
            <param index="0">
              <value>
                <![CDATA[{productTitle=LG Electronics 65UK6300PUE 65-Inch 4K Ultra HD Smart TV (2018 Model), productCompany=Brand New · LG · 65 in, passsword=myEbay#8, itemSearchOption=65 inch tv TV, Video & Home Audio Electronics, loginName=anujamishra1991@gmail.com, itemSearchText=65 inch TV, productPrise=$767.54}]]>
              </value>
            </param>
          </params>
          <reporter-output>
          </reporter-output>
        </test-method> <!-- verifyEbayAppLaunchScreen -->
        <test-method signature="verifySearchFunctionalityForeBayApp(java.util.HashMap)[pri:0, instance:testPacakge.LoginTest@3a44431a]" started-at="2019-04-08T14:33:55Z" name="verifySearchFunctionalityForeBayApp" description="verify search functionality for eBya App." data-provider="globaldataprovider" finished-at="2019-04-08T14:34:09Z" duration-ms="13872" status="PASS">
          <params>
            <param index="0">
              <value>
                <![CDATA[{productTitle=LG Electronics 65UK6300PUE 65-Inch 4K Ultra HD Smart TV (2018 Model), productCompany=Brand New · LG · 65 in, passsword=myEbay#8, itemSearchOption=65 inch tv TV, Video & Home Audio Electronics, loginName=anujamishra1991@gmail.com, itemSearchText=65 inch TV, productPrise=$767.54}]]>
              </value>
            </param>
          </params>
          <reporter-output>
          </reporter-output>
        </test-method> <!-- verifySearchFunctionalityForeBayApp -->
        <test-method signature="verifySelectItemFunctionalityForeBayApp(java.util.HashMap)[pri:0, instance:testPacakge.LoginTest@3a44431a]" started-at="2019-04-08T14:34:09Z" name="verifySelectItemFunctionalityForeBayApp" description="verify select item functionality for cart for eBya App." data-provider="globaldataprovider" finished-at="2019-04-08T14:34:49Z" duration-ms="40487" status="PASS">
          <params>
            <param index="0">
              <value>
                <![CDATA[{productTitle=LG Electronics 65UK6300PUE 65-Inch 4K Ultra HD Smart TV (2018 Model), productCompany=Brand New · LG · 65 in, passsword=myEbay#8, itemSearchOption=65 inch tv TV, Video & Home Audio Electronics, loginName=anujamishra1991@gmail.com, itemSearchText=65 inch TV, productPrise=$767.54}]]>
              </value>
            </param>
          </params>
          <reporter-output>
          </reporter-output>
        </test-method> <!-- verifySelectItemFunctionalityForeBayApp -->
        <test-method signature="verifyPurchaseItemFunctionalityForeBayApp(java.util.HashMap)[pri:0, instance:testPacakge.LoginTest@3a44431a]" started-at="2019-04-08T14:34:49Z" name="verifyPurchaseItemFunctionalityForeBayApp" description="verify purchase item functionality for cart for eBya App." data-provider="globaldataprovider" finished-at="2019-04-08T14:35:21Z" duration-ms="31651" status="PASS">
          <params>
            <param index="0">
              <value>
                <![CDATA[{productTitle=LG Electronics 65UK6300PUE 65-Inch 4K Ultra HD Smart TV (2018 Model), productCompany=Brand New · LG · 65 in, passsword=myEbay#8, itemSearchOption=65 inch tv TV, Video & Home Audio Electronics, loginName=anujamishra1991@gmail.com, itemSearchText=65 inch TV, productPrise=$767.54}]]>
              </value>
            </param>
          </params>
          <reporter-output>
          </reporter-output>
        </test-method> <!-- verifyPurchaseItemFunctionalityForeBayApp -->
      </class> <!-- testPacakge.LoginTest -->
    </test> <!-- Search_Scenario -->
  </suite> <!-- eBay Android App Suite -->
</testng-results>
