<?xml version="1.0" encoding="UTF-8"?>
<testsuite xmlns:xsi="http://www.w3.org/2001/XMLSchema-instance" xsi:schemaLocation="https://maven.apache.org/surefire/maven-surefire-plugin/xsd/surefire-test-report.xsd" name="TestSuite" time="139.077" tests="7" errors="0" skipped="0" failures="0">
  <properties>
[...]
</properties>
  <testcase name="initEbayLoginTest on testPacakge.EbayLoginTest@6e0f5f7f" classname="testPacakge.EbayLoginTest" time="0.043"/>
  <testcase name="verifyEbayAppLaunchScreen on testPacakge.EbayLoginTest@6e0f5f7f" classname="testPacakge.EbayLoginTest" time="14.683"/>
  <testcase name="verifyLoginFunctionalityForeBayApp on testPacakge.EbayLoginTest@6e0f5f7f" classname="testPacakge.EbayLoginTest" time="36.693"/>
  <testcase name="initEbayShoppingCartTestObject on testPacakge.EbayShoppingCartTest@2805d709" classname="testPacakge.EbayShoppingCartTest" time="0"/>
  <testcase name="verifySearchFunctionalityForeBayApp on testPacakge.EbayShoppingCartTest@2805d709" classname="testPacakge.EbayShoppingCartTest" time="12.746"/>
  <testcase name="verifySelectItemFunctionalityForeBayApp on testPacakge.EbayShoppingCartTest@2805d709" classname="testPacakge.EbayShoppingCartTest" time="31.548"/>
  <testcase name="verifyCheckoutFunctionalityForeBayApp on testPacakge.EbayShoppingCartTest@2805d709" classname="testPacakge.EbayShoppingCartTest" time="27.955"/>
</testsuite>