<?xml version="1.0" encoding="UTF-8"?>
<!-- Generated by org.testng.reporters.JUnitXMLReporter -->
<testsuite ignored="1" hostname="ATH032863" failures="0" tests="7" name="Search_Scenario" time="223.72" errors="0" timestamp="11 May 2019 10:26:01 GMT">
  <testcase classname="testPacakge.EbayLoginTest" name="initEbayLoginTest on testPacakge.EbayLoginTest@5c7933ad" time="0.003"/>
  <testcase classname="testPacakge.EbayLoginTest" name="verifyEbayAppLaunchScreen on testPacakge.EbayLoginTest@5c7933ad" time="11.293"/>
  <testcase classname="testPacakge.EbayLoginTest" name="verifyLoginFunctionalityForeBayApp on testPacakge.EbayLoginTest@5c7933ad" time="26.366"/>
  <testcase classname="testPacakge.EbayShoppingCartTest" name="initEbayShoppingCartTestObject on testPacakge.EbayShoppingCartTest@57bc27f5" time="0.0"/>
  <testcase classname="testPacakge.EbayShoppingCartTest" name="verifySearchFunctionalityForeBayApp on testPacakge.EbayShoppingCartTest@57bc27f5" time="23.146"/>
  <testcase classname="testPacakge.EbayShoppingCartTest" name="verifySelectItemFunctionalityForeBayApp on testPacakge.EbayShoppingCartTest@57bc27f5" time="52.658"/>
  <testcase classname="testPacakge.EbayShoppingCartTest" name="verifyCheckoutFunctionalityForeBayApp on testPacakge.EbayShoppingCartTest@57bc27f5" time="97.236"/>
  <testcase classname="basePackage.BaseTest" name="@BeforeTest launchEbayApp" time="0.0">
    <ignored/>
  </testcase> <!-- @BeforeTest launchEbayApp -->
</testsuite> <!-- Search_Scenario -->
